2025-06-20T11:49:39:   ▲ Next.js 14.2.30
2025-06-20T11:49:39:   - Local:        http://localhost:8080
2025-06-20T11:49:39:   - Network:      http://0.0.0.0:8080
2025-06-20T11:49:39:   - Environments: .env.local
2025-06-20T11:49:39: 
2025-06-20T11:49:39:  ✓ Starting...
2025-06-20T11:49:41:  ✓ Ready in 1156ms
2025-06-20T11:49:44:  ○ Compiling / ...
2025-06-20T11:49:45:  ✓ Compiled / in 1858ms (506 modules)
2025-06-20T11:49:45:  GET / 200 in 2067ms
2025-06-20T11:49:45:  ✓ Compiled in 177ms (257 modules)
2025-06-20T11:49:57:  HEAD / 200 in 19ms
2025-06-20T11:50:17: [?25h
2025-06-20T11:50:17: 
2025-06-20T11:50:17:   ▲ Next.js 14.2.30
2025-06-20T11:50:17:   - Local:        http://localhost:8080
2025-06-20T11:50:17:   - Network:      http://0.0.0.0:8080
2025-06-20T11:50:17:   - Environments: .env.local
2025-06-20T11:50:17: 
2025-06-20T11:50:17:  ✓ Starting...
2025-06-20T11:50:19:  ✓ Ready in 1233ms
